<?xml version="1.0" encoding="UTF-8"?>
<coverage generated="1738362539977" clover="3.2.0">
  <project timestamp="1738362539977" name="All files">
    <metrics statements="113" coveredstatements="79" conditionals="30" coveredconditionals="22" methods="49" coveredmethods="33" elements="192" coveredelements="134" complexity="0" loc="113" ncloc="113" packages="9" files="17" classes="17"/>
    <package name="src">
      <metrics statements="4" coveredstatements="2" conditionals="0" coveredconditionals="0" methods="1" coveredmethods="0"/>
      <file name="App.tsx" path="C:\Users\dgeki\OneDrive\Рабочий стол\Portfolio\Foundation\src\App.tsx">
        <metrics statements="1" coveredstatements="0" conditionals="0" coveredconditionals="0" methods="1" coveredmethods="0"/>
        <line num="8" count="0" type="stmt"/>
      </file>
      <file name="hooks.ts" path="C:\Users\dgeki\OneDrive\Рабочий стол\Portfolio\Foundation\src\hooks.ts">
        <metrics statements="2" coveredstatements="2" conditionals="0" coveredconditionals="0" methods="0" coveredmethods="0"/>
        <line num="4" count="3" type="stmt"/>
        <line num="5" count="3" type="stmt"/>
      </file>
      <file name="main.tsx" path="C:\Users\dgeki\OneDrive\Рабочий стол\Portfolio\Foundation\src\main.tsx">
        <metrics statements="1" coveredstatements="0" conditionals="0" coveredconditionals="0" methods="0" coveredmethods="0"/>
        <line num="9" count="0" type="stmt"/>
      </file>
      <file name="vite-env.d.ts" path="C:\Users\dgeki\OneDrive\Рабочий стол\Portfolio\Foundation\src\vite-env.d.ts">
        <metrics statements="0" coveredstatements="0" conditionals="0" coveredconditionals="0" methods="0" coveredmethods="0"/>
      </file>
    </package>
    <package name="src.components.Button">
      <metrics statements="5" coveredstatements="2" conditionals="0" coveredconditionals="0" methods="1" coveredmethods="1"/>
      <file name="Button.stories.ts" path="C:\Users\dgeki\OneDrive\Рабочий стол\Portfolio\Foundation\src\components\Button\Button.stories.ts">
        <metrics statements="3" coveredstatements="0" conditionals="0" coveredconditionals="0" methods="0" coveredmethods="0"/>
        <line num="4" count="0" type="stmt"/>
        <line num="14" count="0" type="stmt"/>
        <line num="28" count="0" type="stmt"/>
      </file>
      <file name="Button.tsx" path="C:\Users\dgeki\OneDrive\Рабочий стол\Portfolio\Foundation\src\components\Button\Button.tsx">
        <metrics statements="2" coveredstatements="2" conditionals="0" coveredconditionals="0" methods="1" coveredmethods="1"/>
        <line num="7" count="3" type="stmt"/>
        <line num="12" count="48" type="stmt"/>
      </file>
    </package>
    <package name="src.components.Categories">
      <metrics statements="16" coveredstatements="16" conditionals="2" coveredconditionals="1" methods="6" coveredmethods="6"/>
      <file name="Categories.tsx" path="C:\Users\dgeki\OneDrive\Рабочий стол\Portfolio\Foundation\src\components\Categories\Categories.tsx">
        <metrics statements="11" coveredstatements="11" conditionals="2" coveredconditionals="1" methods="4" coveredmethods="4"/>
        <line num="8" count="1" type="stmt"/>
        <line num="9" count="14" type="stmt"/>
        <line num="10" count="14" type="stmt"/>
        <line num="11" count="14" type="stmt"/>
        <line num="13" count="14" type="stmt"/>
        <line num="14" count="1" type="cond" truecount="1" falsecount="1"/>
        <line num="16" count="1" type="stmt"/>
        <line num="17" count="1" type="stmt"/>
        <line num="20" count="14" type="stmt"/>
        <line num="25" count="12" type="stmt"/>
        <line num="36" count="43" type="stmt"/>
      </file>
      <file name="CategoriesSlice.ts" path="C:\Users\dgeki\OneDrive\Рабочий стол\Portfolio\Foundation\src\components\Categories\CategoriesSlice.ts">
        <metrics statements="5" coveredstatements="5" conditionals="0" coveredconditionals="0" methods="2" coveredmethods="2"/>
        <line num="4" count="2" type="stmt"/>
        <line num="19" count="2" type="stmt"/>
        <line num="24" count="1" type="stmt"/>
        <line num="31" count="3" type="stmt"/>
        <line num="33" count="2" type="stmt"/>
      </file>
    </package>
    <package name="src.components.ErrorBoundary">
      <metrics statements="6" coveredstatements="6" conditionals="2" coveredconditionals="2" methods="3" coveredmethods="3"/>
      <file name="ErrorBoundary.tsx" path="C:\Users\dgeki\OneDrive\Рабочий стол\Portfolio\Foundation\src\components\ErrorBoundary\ErrorBoundary.tsx">
        <metrics statements="6" coveredstatements="6" conditionals="2" coveredconditionals="2" methods="3" coveredmethods="3"/>
        <line num="14" count="4" type="stmt"/>
        <line num="15" count="3" type="stmt"/>
        <line num="20" count="2" type="stmt"/>
        <line num="24" count="5" type="cond" truecount="2" falsecount="0"/>
        <line num="26" count="2" type="stmt"/>
        <line num="29" count="3" type="stmt"/>
      </file>
    </package>
    <package name="src.components.Input">
      <metrics statements="7" coveredstatements="2" conditionals="0" coveredconditionals="0" methods="3" coveredmethods="1"/>
      <file name="Input.stories.tsx" path="C:\Users\dgeki\OneDrive\Рабочий стол\Portfolio\Foundation\src\components\Input\Input.stories.tsx">
        <metrics statements="5" coveredstatements="0" conditionals="0" coveredconditionals="0" methods="2" coveredmethods="0"/>
        <line num="13" count="0" type="stmt"/>
        <line num="18" count="0" type="stmt"/>
        <line num="20" count="0" type="stmt"/>
        <line num="21" count="0" type="stmt"/>
        <line num="24" count="0" type="stmt"/>
      </file>
      <file name="Input.tsx" path="C:\Users\dgeki\OneDrive\Рабочий стол\Portfolio\Foundation\src\components\Input\Input.tsx">
        <metrics statements="2" coveredstatements="2" conditionals="0" coveredconditionals="0" methods="1" coveredmethods="1"/>
        <line num="1" count="1" type="stmt"/>
        <line num="2" count="1" type="stmt"/>
      </file>
    </package>
    <package name="src.components.Layout">
      <metrics statements="2" coveredstatements="0" conditionals="0" coveredconditionals="0" methods="1" coveredmethods="0"/>
      <file name="Layout.tsx" path="C:\Users\dgeki\OneDrive\Рабочий стол\Portfolio\Foundation\src\components\Layout\Layout.tsx">
        <metrics statements="2" coveredstatements="0" conditionals="0" coveredconditionals="0" methods="1" coveredmethods="0"/>
        <line num="3" count="0" type="stmt"/>
        <line num="4" count="0" type="stmt"/>
      </file>
    </package>
    <package name="src.components.Objective">
      <metrics statements="36" coveredstatements="27" conditionals="16" coveredconditionals="15" methods="16" coveredmethods="12"/>
      <file name="Objective.stories.tsx" path="C:\Users\dgeki\OneDrive\Рабочий стол\Portfolio\Foundation\src\components\Objective\Objective.stories.tsx">
        <metrics statements="9" coveredstatements="0" conditionals="0" coveredconditionals="0" methods="4" coveredmethods="0"/>
        <line num="5" count="0" type="stmt"/>
        <line num="15" count="0" type="stmt"/>
        <line num="33" count="0" type="stmt"/>
        <line num="43" count="0" type="stmt"/>
        <line num="45" count="0" type="stmt"/>
        <line num="47" count="0" type="stmt"/>
        <line num="48" count="0" type="stmt"/>
        <line num="51" count="0" type="stmt"/>
        <line num="52" count="0" type="stmt"/>
      </file>
      <file name="Objective.tsx" path="C:\Users\dgeki\OneDrive\Рабочий стол\Portfolio\Foundation\src\components\Objective\Objective.tsx">
        <metrics statements="27" coveredstatements="27" conditionals="16" coveredconditionals="15" methods="12" coveredmethods="12"/>
        <line num="18" count="2" type="stmt"/>
        <line num="22" count="40" type="stmt"/>
        <line num="23" count="40" type="stmt"/>
        <line num="25" count="40" type="stmt"/>
        <line num="27" count="40" type="stmt"/>
        <line num="28" count="22" type="stmt"/>
        <line num="31" count="40" type="cond" truecount="1" falsecount="1"/>
        <line num="33" count="40" type="stmt"/>
        <line num="35" count="40" type="stmt"/>
        <line num="36" count="6" type="stmt"/>
        <line num="37" count="11" type="stmt"/>
        <line num="40" count="6" type="stmt"/>
        <line num="43" count="40" type="stmt"/>
        <line num="44" count="1" type="stmt"/>
        <line num="45" count="6" type="cond" truecount="2" falsecount="0"/>
        <line num="48" count="2" type="stmt"/>
        <line num="50" count="1" type="stmt"/>
        <line num="52" count="1" type="stmt"/>
        <line num="60" count="40" type="stmt"/>
        <line num="61" count="2" type="cond" truecount="2" falsecount="0"/>
        <line num="62" count="1" type="stmt"/>
        <line num="70" count="2" type="stmt"/>
        <line num="73" count="40" type="stmt"/>
        <line num="87" count="1" type="stmt"/>
        <line num="99" count="13" type="stmt"/>
        <line num="104" count="240" type="stmt"/>
        <line num="111" count="1" type="stmt"/>
      </file>
    </package>
    <package name="src.components.Objectives">
      <metrics statements="36" coveredstatements="23" conditionals="10" coveredconditionals="4" methods="18" coveredmethods="10"/>
      <file name="Objectives.tsx" path="C:\Users\dgeki\OneDrive\Рабочий стол\Portfolio\Foundation\src\components\Objectives\Objectives.tsx">
        <metrics statements="17" coveredstatements="16" conditionals="4" coveredconditionals="4" methods="7" coveredmethods="6"/>
        <line num="14" count="1" type="stmt"/>
        <line num="15" count="38" type="stmt"/>
        <line num="17" count="37" type="stmt"/>
        <line num="19" count="37" type="cond" truecount="2" falsecount="0"/>
        <line num="20" count="4" type="stmt"/>
        <line num="23" count="36" type="stmt"/>
        <line num="25" count="33" type="stmt"/>
        <line num="26" count="216" type="stmt"/>
        <line num="29" count="33" type="stmt"/>
        <line num="31" count="33" type="stmt"/>
        <line num="32" count="2" type="stmt"/>
        <line num="49" count="2" type="stmt"/>
        <line num="51" count="2" type="stmt"/>
        <line num="54" count="33" type="stmt"/>
        <line num="60" count="30" type="stmt"/>
        <line num="72" count="18" type="stmt"/>
        <line num="73" count="0" type="stmt"/>
      </file>
      <file name="ObjectivesSlice.ts" path="C:\Users\dgeki\OneDrive\Рабочий стол\Portfolio\Foundation\src\components\Objectives\ObjectivesSlice.ts">
        <metrics statements="19" coveredstatements="7" conditionals="6" coveredconditionals="0" methods="11" coveredmethods="4"/>
        <line num="16" count="3" type="stmt"/>
        <line num="115" count="3" type="stmt"/>
        <line num="120" count="2" type="stmt"/>
        <line num="123" count="0" type="stmt"/>
        <line num="124" count="0" type="stmt"/>
        <line num="128" count="0" type="stmt"/>
        <line num="129" count="0" type="stmt"/>
        <line num="132" count="0" type="cond" truecount="0" falsecount="2"/>
        <line num="134" count="0" type="stmt"/>
        <line num="135" count="0" type="cond" truecount="0" falsecount="2"/>
        <line num="140" count="0" type="stmt"/>
        <line num="143" count="0" type="stmt"/>
        <line num="144" count="0" type="stmt"/>
        <line num="147" count="0" type="cond" truecount="0" falsecount="2"/>
        <line num="149" count="0" type="stmt"/>
        <line num="154" count="36" type="stmt"/>
        <line num="156" count="3" type="stmt"/>
        <line num="157" count="156" type="stmt"/>
        <line num="164" count="3" type="stmt"/>
      </file>
    </package>
    <package name="src.store">
      <metrics statements="1" coveredstatements="1" conditionals="0" coveredconditionals="0" methods="0" coveredmethods="0"/>
      <file name="store.ts" path="C:\Users\dgeki\OneDrive\Рабочий стол\Portfolio\Foundation\src\store\store.ts">
        <metrics statements="1" coveredstatements="1" conditionals="0" coveredconditionals="0" methods="0" coveredmethods="0"/>
        <line num="5" count="2" type="stmt"/>
      </file>
    </package>
  </project>
</coverage>
