{"C:\\Users\\dgeki\\OneDrive\\Рабочий стол\\Portfolio\\Foundation\\src\\App.tsx": {"path":"C:\\Users\\dgeki\\OneDrive\\Рабочий стол\\Portfolio\\Foundation\\src\\App.tsx","statementMap":{"0":{"start":{"line":8,"column":2},"end":{"line":24,"column":4}}},"fnMap":{"0":{"name":"App","decl":{"start":{"line":7,"column":9},"end":{"line":7,"column":12}},"loc":{"start":{"line":7,"column":15},"end":{"line":25,"column":1}},"line":7}},"branchMap":{},"s":{"0":0},"f":{"0":0},"b":{}}
,"C:\\Users\\dgeki\\OneDrive\\Рабочий стол\\Portfolio\\Foundation\\src\\hooks.ts": {"path":"C:\\Users\\dgeki\\OneDrive\\Рабочий стол\\Portfolio\\Foundation\\src\\hooks.ts","statementMap":{"0":{"start":{"line":4,"column":30},"end":{"line":4,"column":66}},"1":{"start":{"line":5,"column":30},"end":{"line":5,"column":64}}},"fnMap":{},"branchMap":{},"s":{"0":3,"1":3},"f":{},"b":{},"_coverageSchema":"1a1c01bbd47fc00a2c39e90264f33305004495a9","hash":"d92c7877131d19c36237e129af721658796616c2"}
,"C:\\Users\\dgeki\\OneDrive\\Рабочий стол\\Portfolio\\Foundation\\src\\main.tsx": {"path":"C:\\Users\\dgeki\\OneDrive\\Рабочий стол\\Portfolio\\Foundation\\src\\main.tsx","statementMap":{"0":{"start":{"line":9,"column":0},"end":{"line":17,"column":2}}},"fnMap":{},"branchMap":{},"s":{"0":0},"f":{},"b":{}}
,"C:\\Users\\dgeki\\OneDrive\\Рабочий стол\\Portfolio\\Foundation\\src\\vite-env.d.ts": {"path":"C:\\Users\\dgeki\\OneDrive\\Рабочий стол\\Portfolio\\Foundation\\src\\vite-env.d.ts","statementMap":{},"fnMap":{},"branchMap":{},"s":{},"f":{},"b":{}}
,"C:\\Users\\dgeki\\OneDrive\\Рабочий стол\\Portfolio\\Foundation\\src\\components\\Button\\Button.stories.ts": {"path":"C:\\Users\\dgeki\\OneDrive\\Рабочий стол\\Portfolio\\Foundation\\src\\components\\Button\\Button.stories.ts","statementMap":{"0":{"start":{"line":4,"column":34},"end":{"line":8,"column":1}},"1":{"start":{"line":14,"column":30},"end":{"line":26,"column":1}},"2":{"start":{"line":28,"column":31},"end":{"line":40,"column":1}}},"fnMap":{},"branchMap":{},"s":{"0":0,"1":0,"2":0},"f":{},"b":{}}
,"C:\\Users\\dgeki\\OneDrive\\Рабочий стол\\Portfolio\\Foundation\\src\\components\\Button\\Button.tsx": {"path":"C:\\Users\\dgeki\\OneDrive\\Рабочий стол\\Portfolio\\Foundation\\src\\components\\Button\\Button.tsx","statementMap":{"0":{"start":{"line":7,"column":45},"end":{"line":17,"column":1}},"1":{"start":{"line":12,"column":2},"end":{"line":16,"column":4}}},"fnMap":{"0":{"name":"(anonymous_0)","decl":{"start":{"line":7,"column":45},"end":{"line":7,"column":46}},"loc":{"start":{"line":11,"column":6},"end":{"line":17,"column":1}},"line":11}},"branchMap":{},"s":{"0":3,"1":48},"f":{"0":48},"b":{},"_coverageSchema":"1a1c01bbd47fc00a2c39e90264f33305004495a9","hash":"fb4cd8503e43645ab853aae6cf472c28a44bc677"}
,"C:\\Users\\dgeki\\OneDrive\\Рабочий стол\\Portfolio\\Foundation\\src\\components\\Categories\\Categories.tsx": {"path":"C:\\Users\\dgeki\\OneDrive\\Рабочий стол\\Portfolio\\Foundation\\src\\components\\Categories\\Categories.tsx","statementMap":{"0":{"start":{"line":8,"column":26},"end":{"line":43,"column":1}},"1":{"start":{"line":9,"column":38},"end":{"line":9,"column":50}},"2":{"start":{"line":10,"column":21},"end":{"line":10,"column":53}},"3":{"start":{"line":11,"column":19},"end":{"line":11,"column":35}},"4":{"start":{"line":13,"column":24},"end":{"line":18,"column":3}},"5":{"start":{"line":14,"column":4},"end":{"line":14,"column":34}},"6":{"start":{"line":14,"column":27},"end":{"line":14,"column":34}},"7":{"start":{"line":16,"column":4},"end":{"line":16,"column":71}},"8":{"start":{"line":17,"column":4},"end":{"line":17,"column":22}},"9":{"start":{"line":20,"column":2},"end":{"line":42,"column":4}},"10":{"start":{"line":25,"column":25},"end":{"line":25,"column":54}},"11":{"start":{"line":36,"column":10},"end":{"line":38,"column":15}}},"fnMap":{"0":{"name":"(anonymous_0)","decl":{"start":{"line":8,"column":26},"end":{"line":8,"column":27}},"loc":{"start":{"line":8,"column":32},"end":{"line":43,"column":1}},"line":8},"1":{"name":"(anonymous_1)","decl":{"start":{"line":13,"column":24},"end":{"line":13,"column":25}},"loc":{"start":{"line":13,"column":30},"end":{"line":18,"column":3}},"line":13},"2":{"name":"(anonymous_2)","decl":{"start":{"line":25,"column":18},"end":{"line":25,"column":19}},"loc":{"start":{"line":25,"column":25},"end":{"line":25,"column":54}},"line":25},"3":{"name":"(anonymous_3)","decl":{"start":{"line":35,"column":24},"end":{"line":35,"column":25}},"loc":{"start":{"line":36,"column":10},"end":{"line":38,"column":15}},"line":36}},"branchMap":{"0":{"loc":{"start":{"line":14,"column":4},"end":{"line":14,"column":34}},"type":"if","locations":[{"start":{"line":14,"column":4},"end":{"line":14,"column":34}},{"start":{},"end":{}}],"line":14}},"s":{"0":1,"1":14,"2":14,"3":14,"4":14,"5":1,"6":0,"7":1,"8":1,"9":14,"10":12,"11":43},"f":{"0":14,"1":1,"2":12,"3":43},"b":{"0":[0,1]},"_coverageSchema":"1a1c01bbd47fc00a2c39e90264f33305004495a9","hash":"f36d2df47d42311039ccff4527b39c30f5117099"}
,"C:\\Users\\dgeki\\OneDrive\\Рабочий стол\\Portfolio\\Foundation\\src\\components\\Categories\\CategoriesSlice.ts": {"path":"C:\\Users\\dgeki\\OneDrive\\Рабочий стол\\Portfolio\\Foundation\\src\\components\\Categories\\CategoriesSlice.ts","statementMap":{"0":{"start":{"line":4,"column":21},"end":{"line":17,"column":1}},"1":{"start":{"line":19,"column":24},"end":{"line":27,"column":2}},"2":{"start":{"line":24,"column":6},"end":{"line":24,"column":33}},"3":{"start":{"line":31,"column":32},"end":{"line":31,"column":70}},"4":{"start":{"line":31,"column":54},"end":{"line":31,"column":70}},"5":{"start":{"line":33,"column":31},"end":{"line":33,"column":54}}},"fnMap":{"0":{"name":"(anonymous_0)","decl":{"start":{"line":23,"column":17},"end":{"line":23,"column":18}},"loc":{"start":{"line":23,"column":36},"end":{"line":25,"column":5}},"line":23},"1":{"name":"(anonymous_1)","decl":{"start":{"line":31,"column":32},"end":{"line":31,"column":33}},"loc":{"start":{"line":31,"column":54},"end":{"line":31,"column":70}},"line":31}},"branchMap":{},"s":{"0":2,"1":2,"2":1,"3":2,"4":3,"5":2},"f":{"0":1,"1":3},"b":{},"_coverageSchema":"1a1c01bbd47fc00a2c39e90264f33305004495a9","hash":"46aabc7c48e718c4ce076a6c6820b42dddb8c2ab"}
,"C:\\Users\\dgeki\\OneDrive\\Рабочий стол\\Portfolio\\Foundation\\src\\components\\ErrorBoundary\\ErrorBoundary.tsx": {"path":"C:\\Users\\dgeki\\OneDrive\\Рабочий стол\\Portfolio\\Foundation\\src\\components\\ErrorBoundary\\ErrorBoundary.tsx","statementMap":{"0":{"start":{"line":14,"column":4},"end":{"line":14,"column":17}},"1":{"start":{"line":15,"column":4},"end":{"line":15,"column":37}},"2":{"start":{"line":20,"column":4},"end":{"line":20,"column":30}},"3":{"start":{"line":24,"column":4},"end":{"line":27,"column":5}},"4":{"start":{"line":26,"column":6},"end":{"line":26,"column":33}},"5":{"start":{"line":29,"column":4},"end":{"line":29,"column":31}}},"fnMap":{"0":{"name":"(anonymous_0)","decl":{"start":{"line":13,"column":2},"end":{"line":13,"column":3}},"loc":{"start":{"line":13,"column":28},"end":{"line":16,"column":3}},"line":13},"1":{"name":"(anonymous_1)","decl":{"start":{"line":18,"column":2},"end":{"line":18,"column":3}},"loc":{"start":{"line":18,"column":36},"end":{"line":21,"column":3}},"line":18},"2":{"name":"(anonymous_2)","decl":{"start":{"line":23,"column":2},"end":{"line":23,"column":3}},"loc":{"start":{"line":23,"column":11},"end":{"line":30,"column":3}},"line":23}},"branchMap":{"0":{"loc":{"start":{"line":24,"column":4},"end":{"line":27,"column":5}},"type":"if","locations":[{"start":{"line":24,"column":4},"end":{"line":27,"column":5}},{"start":{},"end":{}}],"line":24}},"s":{"0":4,"1":3,"2":2,"3":5,"4":2,"5":3},"f":{"0":4,"1":2,"2":5},"b":{"0":[2,3]},"_coverageSchema":"1a1c01bbd47fc00a2c39e90264f33305004495a9","hash":"1fa0be831bfdc73ba0f63e8e6df653914224d2fc"}
,"C:\\Users\\dgeki\\OneDrive\\Рабочий стол\\Portfolio\\Foundation\\src\\components\\Input\\Input.stories.tsx": {"path":"C:\\Users\\dgeki\\OneDrive\\Рабочий стол\\Portfolio\\Foundation\\src\\components\\Input\\Input.stories.tsx","statementMap":{"0":{"start":{"line":13,"column":30},"end":{"line":26,"column":1}},"1":{"start":{"line":18,"column":36},"end":{"line":18,"column":45}},"2":{"start":{"line":20,"column":25},"end":{"line":22,"column":5}},"3":{"start":{"line":21,"column":6},"end":{"line":21,"column":48}},"4":{"start":{"line":24,"column":4},"end":{"line":24,"column":69}}},"fnMap":{"0":{"name":"Render","decl":{"start":{"line":17,"column":19},"end":{"line":17,"column":25}},"loc":{"start":{"line":17,"column":32},"end":{"line":25,"column":3}},"line":17},"1":{"name":"(anonymous_1)","decl":{"start":{"line":20,"column":25},"end":{"line":20,"column":26}},"loc":{"start":{"line":20,"column":67},"end":{"line":22,"column":5}},"line":20}},"branchMap":{},"s":{"0":0,"1":0,"2":0,"3":0,"4":0},"f":{"0":0,"1":0},"b":{}}
,"C:\\Users\\dgeki\\OneDrive\\Рабочий стол\\Portfolio\\Foundation\\src\\components\\Input\\Input.tsx": {"path":"C:\\Users\\dgeki\\OneDrive\\Рабочий стол\\Portfolio\\Foundation\\src\\components\\Input\\Input.tsx","statementMap":{"0":{"start":{"line":1,"column":21},"end":{"line":10,"column":1}},"1":{"start":{"line":2,"column":2},"end":{"line":9,"column":4}}},"fnMap":{"0":{"name":"(anonymous_0)","decl":{"start":{"line":1,"column":21},"end":{"line":1,"column":22}},"loc":{"start":{"line":1,"column":57},"end":{"line":10,"column":1}},"line":1}},"branchMap":{},"s":{"0":1,"1":1},"f":{"0":1},"b":{},"_coverageSchema":"1a1c01bbd47fc00a2c39e90264f33305004495a9","hash":"072e5084e304d92ccdbcb5b29e3a2bcc7f0fe2c7"}
,"C:\\Users\\dgeki\\OneDrive\\Рабочий стол\\Portfolio\\Foundation\\src\\components\\Layout\\Layout.tsx": {"path":"C:\\Users\\dgeki\\OneDrive\\Рабочий стол\\Portfolio\\Foundation\\src\\components\\Layout\\Layout.tsx","statementMap":{"0":{"start":{"line":3,"column":22},"end":{"line":10,"column":1}},"1":{"start":{"line":4,"column":2},"end":{"line":9,"column":4}}},"fnMap":{"0":{"name":"(anonymous_0)","decl":{"start":{"line":3,"column":22},"end":{"line":3,"column":23}},"loc":{"start":{"line":3,"column":28},"end":{"line":10,"column":1}},"line":3}},"branchMap":{},"s":{"0":0,"1":0},"f":{"0":0},"b":{}}
,"C:\\Users\\dgeki\\OneDrive\\Рабочий стол\\Portfolio\\Foundation\\src\\components\\Objective\\Objective.stories.tsx": {"path":"C:\\Users\\dgeki\\OneDrive\\Рабочий стол\\Portfolio\\Foundation\\src\\components\\Objective\\Objective.stories.tsx","statementMap":{"0":{"start":{"line":5,"column":37},"end":{"line":9,"column":1}},"1":{"start":{"line":15,"column":30},"end":{"line":31,"column":1}},"2":{"start":{"line":33,"column":32},"end":{"line":62,"column":1}},"3":{"start":{"line":43,"column":19},"end":{"line":43,"column":40}},"4":{"start":{"line":45,"column":23},"end":{"line":45,"column":54}},"5":{"start":{"line":47,"column":4},"end":{"line":49,"column":7}},"6":{"start":{"line":48,"column":6},"end":{"line":48,"column":32}},"7":{"start":{"line":51,"column":20},"end":{"line":51,"column":57}},"8":{"start":{"line":52,"column":4},"end":{"line":52,"column":40}}},"fnMap":{"0":{"name":"(anonymous_0)","decl":{"start":{"line":29,"column":21},"end":{"line":29,"column":22}},"loc":{"start":{"line":29,"column":27},"end":{"line":29,"column":29}},"line":29},"1":{"name":"(anonymous_1)","decl":{"start":{"line":42,"column":8},"end":{"line":42,"column":9}},"loc":{"start":{"line":42,"column":37},"end":{"line":53,"column":3}},"line":42},"2":{"name":"(anonymous_2)","decl":{"start":{"line":47,"column":23},"end":{"line":47,"column":24}},"loc":{"start":{"line":47,"column":37},"end":{"line":49,"column":5}},"line":47},"3":{"name":"(anonymous_3)","decl":{"start":{"line":60,"column":21},"end":{"line":60,"column":22}},"loc":{"start":{"line":60,"column":27},"end":{"line":60,"column":29}},"line":60}},"branchMap":{},"s":{"0":0,"1":0,"2":0,"3":0,"4":0,"5":0,"6":0,"7":0,"8":0},"f":{"0":0,"1":0,"2":0,"3":0},"b":{}}
,"C:\\Users\\dgeki\\OneDrive\\Рабочий стол\\Portfolio\\Foundation\\src\\components\\Objective\\Objective.tsx": {"path":"C:\\Users\\dgeki\\OneDrive\\Рабочий стол\\Portfolio\\Foundation\\src\\components\\Objective\\Objective.tsx","statementMap":{"0":{"start":{"line":18,"column":51},"end":{"line":134,"column":1}},"1":{"start":{"line":22,"column":38},"end":{"line":22,"column":53}},"2":{"start":{"line":23,"column":34},"end":{"line":23,"column":49}},"3":{"start":{"line":25,"column":19},"end":{"line":25,"column":35}},"4":{"start":{"line":27,"column":25},"end":{"line":29,"column":3}},"5":{"start":{"line":28,"column":4},"end":{"line":28,"column":33}},"6":{"start":{"line":31,"column":2},"end":{"line":31,"column":67}},"7":{"start":{"line":31,"column":23},"end":{"line":31,"column":67}},"8":{"start":{"line":33,"column":44},"end":{"line":33,"column":73}},"9":{"start":{"line":35,"column":2},"end":{"line":41,"column":53}},"10":{"start":{"line":36,"column":19},"end":{"line":38,"column":5}},"11":{"start":{"line":37,"column":20},"end":{"line":37,"column":35}},"12":{"start":{"line":40,"column":4},"end":{"line":40,"column":25}},"13":{"start":{"line":43,"column":26},"end":{"line":58,"column":3}},"14":{"start":{"line":44,"column":26},"end":{"line":46,"column":5}},"15":{"start":{"line":45,"column":6},"end":{"line":45,"column":79}},"16":{"start":{"line":48,"column":19},"end":{"line":48,"column":69}},"17":{"start":{"line":48,"column":53},"end":{"line":48,"column":68}},"18":{"start":{"line":50,"column":4},"end":{"line":50,"column":25}},"19":{"start":{"line":52,"column":4},"end":{"line":57,"column":6}},"20":{"start":{"line":60,"column":29},"end":{"line":71,"column":3}},"21":{"start":{"line":61,"column":4},"end":{"line":68,"column":5}},"22":{"start":{"line":62,"column":6},"end":{"line":67,"column":8}},"23":{"start":{"line":70,"column":4},"end":{"line":70,"column":27}},"24":{"start":{"line":73,"column":2},"end":{"line":133,"column":4}},"25":{"start":{"line":87,"column":25},"end":{"line":87,"column":47}},"26":{"start":{"line":99,"column":29},"end":{"line":99,"column":61}},"27":{"start":{"line":104,"column":12},"end":{"line":119,"column":17}},"28":{"start":{"line":111,"column":32},"end":{"line":111,"column":56}}},"fnMap":{"0":{"name":"(anonymous_0)","decl":{"start":{"line":18,"column":51},"end":{"line":18,"column":52}},"loc":{"start":{"line":21,"column":6},"end":{"line":134,"column":1}},"line":21},"1":{"name":"(anonymous_1)","decl":{"start":{"line":27,"column":40},"end":{"line":27,"column":41}},"loc":{"start":{"line":28,"column":4},"end":{"line":28,"column":33}},"line":28},"2":{"name":"(anonymous_2)","decl":{"start":{"line":35,"column":12},"end":{"line":35,"column":13}},"loc":{"start":{"line":35,"column":18},"end":{"line":41,"column":3}},"line":35},"3":{"name":"(anonymous_3)","decl":{"start":{"line":37,"column":6},"end":{"line":37,"column":7}},"loc":{"start":{"line":37,"column":20},"end":{"line":37,"column":35}},"line":37},"4":{"name":"(anonymous_4)","decl":{"start":{"line":43,"column":26},"end":{"line":43,"column":27}},"loc":{"start":{"line":43,"column":42},"end":{"line":58,"column":3}},"line":43},"5":{"name":"(anonymous_5)","decl":{"start":{"line":44,"column":61},"end":{"line":44,"column":62}},"loc":{"start":{"line":45,"column":6},"end":{"line":45,"column":79}},"line":45},"6":{"name":"(anonymous_6)","decl":{"start":{"line":48,"column":39},"end":{"line":48,"column":40}},"loc":{"start":{"line":48,"column":53},"end":{"line":48,"column":68}},"line":48},"7":{"name":"(anonymous_7)","decl":{"start":{"line":60,"column":29},"end":{"line":60,"column":30}},"loc":{"start":{"line":60,"column":35},"end":{"line":71,"column":3}},"line":60},"8":{"name":"(anonymous_8)","decl":{"start":{"line":87,"column":19},"end":{"line":87,"column":20}},"loc":{"start":{"line":87,"column":25},"end":{"line":87,"column":47}},"line":87},"9":{"name":"(anonymous_9)","decl":{"start":{"line":99,"column":22},"end":{"line":99,"column":23}},"loc":{"start":{"line":99,"column":29},"end":{"line":99,"column":61}},"line":99},"10":{"name":"(anonymous_10)","decl":{"start":{"line":103,"column":46},"end":{"line":103,"column":47}},"loc":{"start":{"line":104,"column":12},"end":{"line":119,"column":17}},"line":104},"11":{"name":"(anonymous_11)","decl":{"start":{"line":111,"column":26},"end":{"line":111,"column":27}},"loc":{"start":{"line":111,"column":32},"end":{"line":111,"column":56}},"line":111}},"branchMap":{"0":{"loc":{"start":{"line":31,"column":2},"end":{"line":31,"column":67}},"type":"if","locations":[{"start":{"line":31,"column":2},"end":{"line":31,"column":67}},{"start":{},"end":{}}],"line":31},"1":{"loc":{"start":{"line":45,"column":6},"end":{"line":45,"column":79}},"type":"cond-expr","locations":[{"start":{"line":45,"column":27},"end":{"line":45,"column":68}},{"start":{"line":45,"column":71},"end":{"line":45,"column":79}}],"line":45},"2":{"loc":{"start":{"line":61,"column":4},"end":{"line":68,"column":5}},"type":"if","locations":[{"start":{"line":61,"column":4},"end":{"line":68,"column":5}},{"start":{},"end":{}}],"line":61},"3":{"loc":{"start":{"line":76,"column":42},"end":{"line":76,"column":77}},"type":"cond-expr","locations":[{"start":{"line":76,"column":56},"end":{"line":76,"column":72}},{"start":{"line":76,"column":75},"end":{"line":76,"column":77}}],"line":76},"4":{"loc":{"start":{"line":83,"column":11},"end":{"line":83,"column":49}},"type":"cond-expr","locations":[{"start":{"line":83,"column":22},"end":{"line":83,"column":34}},{"start":{"line":83,"column":37},"end":{"line":83,"column":49}}],"line":83},"5":{"loc":{"start":{"line":92,"column":9},"end":{"line":101,"column":9}},"type":"cond-expr","locations":[{"start":{"line":93,"column":10},"end":{"line":93,"column":69}},{"start":{"line":95,"column":10},"end":{"line":100,"column":22}}],"line":92},"6":{"loc":{"start":{"line":117,"column":17},"end":{"line":117,"column":55}},"type":"cond-expr","locations":[{"start":{"line":117,"column":32},"end":{"line":117,"column":50}},{"start":{"line":117,"column":53},"end":{"line":117,"column":55}}],"line":117},"7":{"loc":{"start":{"line":122,"column":9},"end":{"line":130,"column":9}},"type":"binary-expr","locations":[{"start":{"line":122,"column":9},"end":{"line":122,"column":20}},{"start":{"line":123,"column":10},"end":{"line":129,"column":14}}],"line":122}},"s":{"0":2,"1":40,"2":40,"3":40,"4":40,"5":22,"6":40,"7":0,"8":40,"9":40,"10":6,"11":11,"12":6,"13":40,"14":1,"15":6,"16":1,"17":2,"18":1,"19":1,"20":40,"21":2,"22":1,"23":2,"24":40,"25":1,"26":13,"27":240,"28":1},"f":{"0":40,"1":22,"2":6,"3":11,"4":1,"5":6,"6":2,"7":2,"8":1,"9":13,"10":240,"11":1},"b":{"0":[0,40],"1":[1,5],"2":[1,1],"3":[1,39],"4":[25,15],"5":[25,15],"6":[228,12],"7":[40,1]},"_coverageSchema":"1a1c01bbd47fc00a2c39e90264f33305004495a9","hash":"c3a20bc18d136600d7d284dc5a1d97df9f22de00"}
,"C:\\Users\\dgeki\\OneDrive\\Рабочий стол\\Portfolio\\Foundation\\src\\components\\Objectives\\Objectives.tsx": {"path":"C:\\Users\\dgeki\\OneDrive\\Рабочий стол\\Portfolio\\Foundation\\src\\components\\Objectives\\Objectives.tsx","statementMap":{"0":{"start":{"line":14,"column":26},"end":{"line":81,"column":1}},"1":{"start":{"line":15,"column":38},"end":{"line":15,"column":50}},"2":{"start":{"line":17,"column":27},"end":{"line":17,"column":38}},"3":{"start":{"line":19,"column":2},"end":{"line":21,"column":3}},"4":{"start":{"line":20,"column":4},"end":{"line":20,"column":43}},"5":{"start":{"line":23,"column":24},"end":{"line":23,"column":74}},"6":{"start":{"line":23,"column":50},"end":{"line":23,"column":73}},"7":{"start":{"line":25,"column":21},"end":{"line":27,"column":3}},"8":{"start":{"line":26,"column":19},"end":{"line":26,"column":58}},"9":{"start":{"line":29,"column":19},"end":{"line":29,"column":35}},"10":{"start":{"line":31,"column":24},"end":{"line":52,"column":3}},"11":{"start":{"line":32,"column":25},"end":{"line":47,"column":5}},"12":{"start":{"line":49,"column":4},"end":{"line":49,"column":41}},"13":{"start":{"line":51,"column":4},"end":{"line":51,"column":22}},"14":{"start":{"line":54,"column":2},"end":{"line":80,"column":4}},"15":{"start":{"line":60,"column":27},"end":{"line":60,"column":56}},"16":{"start":{"line":72,"column":12},"end":{"line":76,"column":14}},"17":{"start":{"line":73,"column":37},"end":{"line":73,"column":76}}},"fnMap":{"0":{"name":"(anonymous_0)","decl":{"start":{"line":14,"column":26},"end":{"line":14,"column":27}},"loc":{"start":{"line":14,"column":32},"end":{"line":81,"column":1}},"line":14},"1":{"name":"(anonymous_1)","decl":{"start":{"line":23,"column":39},"end":{"line":23,"column":40}},"loc":{"start":{"line":23,"column":50},"end":{"line":23,"column":73}},"line":23},"2":{"name":"(anonymous_2)","decl":{"start":{"line":26,"column":4},"end":{"line":26,"column":5}},"loc":{"start":{"line":26,"column":19},"end":{"line":26,"column":58}},"line":26},"3":{"name":"(anonymous_3)","decl":{"start":{"line":31,"column":24},"end":{"line":31,"column":25}},"loc":{"start":{"line":31,"column":30},"end":{"line":52,"column":3}},"line":31},"4":{"name":"(anonymous_4)","decl":{"start":{"line":60,"column":20},"end":{"line":60,"column":21}},"loc":{"start":{"line":60,"column":27},"end":{"line":60,"column":56}},"line":60},"5":{"name":"(anonymous_5)","decl":{"start":{"line":71,"column":25},"end":{"line":71,"column":26}},"loc":{"start":{"line":72,"column":12},"end":{"line":76,"column":14}},"line":72},"6":{"name":"(anonymous_6)","decl":{"start":{"line":73,"column":31},"end":{"line":73,"column":32}},"loc":{"start":{"line":73,"column":37},"end":{"line":73,"column":76}},"line":73}},"branchMap":{"0":{"loc":{"start":{"line":19,"column":2},"end":{"line":21,"column":3}},"type":"if","locations":[{"start":{"line":19,"column":2},"end":{"line":21,"column":3}},{"start":{},"end":{}}],"line":19},"1":{"loc":{"start":{"line":70,"column":9},"end":{"line":77,"column":12}},"type":"binary-expr","locations":[{"start":{"line":70,"column":9},"end":{"line":70,"column":28}},{"start":{"line":71,"column":10},"end":{"line":77,"column":12}}],"line":70}},"s":{"0":1,"1":38,"2":37,"3":37,"4":4,"5":33,"6":36,"7":33,"8":216,"9":33,"10":33,"11":2,"12":2,"13":2,"14":33,"15":30,"16":18,"17":0},"f":{"0":38,"1":36,"2":216,"3":2,"4":30,"5":18,"6":0},"b":{"0":[4,33],"1":[33,17]},"_coverageSchema":"1a1c01bbd47fc00a2c39e90264f33305004495a9","hash":"9d1851c10db806823ee67f3afec88fbe4bce4979"}
,"C:\\Users\\dgeki\\OneDrive\\Рабочий стол\\Portfolio\\Foundation\\src\\components\\Objectives\\ObjectivesSlice.ts": {"path":"C:\\Users\\dgeki\\OneDrive\\Рабочий стол\\Portfolio\\Foundation\\src\\components\\Objectives\\ObjectivesSlice.ts","statementMap":{"0":{"start":{"line":16,"column":38},"end":{"line":113,"column":1}},"1":{"start":{"line":115,"column":24},"end":{"line":152,"column":2}},"2":{"start":{"line":120,"column":6},"end":{"line":120,"column":33}},"3":{"start":{"line":123,"column":6},"end":{"line":125,"column":9}},"4":{"start":{"line":124,"column":8},"end":{"line":124,"column":42}},"5":{"start":{"line":128,"column":31},"end":{"line":130,"column":7}},"6":{"start":{"line":129,"column":23},"end":{"line":129,"column":66}},"7":{"start":{"line":132,"column":6},"end":{"line":132,"column":80}},"8":{"start":{"line":132,"column":29},"end":{"line":132,"column":80}},"9":{"start":{"line":134,"column":28},"end":{"line":138,"column":7}},"10":{"start":{"line":135,"column":8},"end":{"line":137,"column":20}},"11":{"start":{"line":140,"column":6},"end":{"line":140,"column":55}},"12":{"start":{"line":143,"column":31},"end":{"line":145,"column":7}},"13":{"start":{"line":144,"column":23},"end":{"line":144,"column":66}},"14":{"start":{"line":147,"column":6},"end":{"line":147,"column":80}},"15":{"start":{"line":147,"column":29},"end":{"line":147,"column":80}},"16":{"start":{"line":149,"column":6},"end":{"line":149,"column":50}},"17":{"start":{"line":154,"column":32},"end":{"line":154,"column":70}},"18":{"start":{"line":154,"column":54},"end":{"line":154,"column":70}},"19":{"start":{"line":156,"column":31},"end":{"line":157,"column":68}},"20":{"start":{"line":157,"column":2},"end":{"line":157,"column":68}},"21":{"start":{"line":157,"column":39},"end":{"line":157,"column":67}},"22":{"start":{"line":164,"column":4},"end":{"line":164,"column":27}}},"fnMap":{"0":{"name":"(anonymous_0)","decl":{"start":{"line":119,"column":18},"end":{"line":119,"column":19}},"loc":{"start":{"line":119,"column":37},"end":{"line":121,"column":5}},"line":119},"1":{"name":"(anonymous_1)","decl":{"start":{"line":122,"column":21},"end":{"line":122,"column":22}},"loc":{"start":{"line":122,"column":40},"end":{"line":126,"column":5}},"line":122},"2":{"name":"(anonymous_2)","decl":{"start":{"line":123,"column":26},"end":{"line":123,"column":27}},"loc":{"start":{"line":123,"column":36},"end":{"line":125,"column":7}},"line":123},"3":{"name":"(anonymous_3)","decl":{"start":{"line":127,"column":23},"end":{"line":127,"column":24}},"loc":{"start":{"line":127,"column":42},"end":{"line":141,"column":5}},"line":127},"4":{"name":"(anonymous_4)","decl":{"start":{"line":129,"column":8},"end":{"line":129,"column":9}},"loc":{"start":{"line":129,"column":23},"end":{"line":129,"column":66}},"line":129},"5":{"name":"(anonymous_5)","decl":{"start":{"line":134,"column":65},"end":{"line":134,"column":66}},"loc":{"start":{"line":135,"column":8},"end":{"line":137,"column":20}},"line":135},"6":{"name":"(anonymous_6)","decl":{"start":{"line":142,"column":19},"end":{"line":142,"column":20}},"loc":{"start":{"line":142,"column":38},"end":{"line":150,"column":5}},"line":142},"7":{"name":"(anonymous_7)","decl":{"start":{"line":144,"column":8},"end":{"line":144,"column":9}},"loc":{"start":{"line":144,"column":23},"end":{"line":144,"column":66}},"line":144},"8":{"name":"(anonymous_8)","decl":{"start":{"line":154,"column":32},"end":{"line":154,"column":33}},"loc":{"start":{"line":154,"column":54},"end":{"line":154,"column":70}},"line":154},"9":{"name":"(anonymous_9)","decl":{"start":{"line":156,"column":31},"end":{"line":156,"column":32}},"loc":{"start":{"line":157,"column":2},"end":{"line":157,"column":68}},"line":157},"10":{"name":"(anonymous_10)","decl":{"start":{"line":157,"column":24},"end":{"line":157,"column":25}},"loc":{"start":{"line":157,"column":39},"end":{"line":157,"column":67}},"line":157}},"branchMap":{"0":{"loc":{"start":{"line":132,"column":6},"end":{"line":132,"column":80}},"type":"if","locations":[{"start":{"line":132,"column":6},"end":{"line":132,"column":80}},{"start":{},"end":{}}],"line":132},"1":{"loc":{"start":{"line":135,"column":8},"end":{"line":137,"column":20}},"type":"cond-expr","locations":[{"start":{"line":136,"column":12},"end":{"line":136,"column":53}},{"start":{"line":137,"column":12},"end":{"line":137,"column":20}}],"line":135},"2":{"loc":{"start":{"line":147,"column":6},"end":{"line":147,"column":80}},"type":"if","locations":[{"start":{"line":147,"column":6},"end":{"line":147,"column":80}},{"start":{},"end":{}}],"line":147}},"s":{"0":3,"1":3,"2":2,"3":0,"4":0,"5":0,"6":0,"7":0,"8":0,"9":0,"10":0,"11":0,"12":0,"13":0,"14":0,"15":0,"16":0,"17":3,"18":36,"19":3,"20":22,"21":156,"22":3},"f":{"0":2,"1":0,"2":0,"3":0,"4":0,"5":0,"6":0,"7":0,"8":36,"9":22,"10":156},"b":{"0":[0,0],"1":[0,0],"2":[0,0]},"_coverageSchema":"1a1c01bbd47fc00a2c39e90264f33305004495a9","hash":"044ea1f8e4f0c61487247b940ea65e51a1b9020d"}
,"C:\\Users\\dgeki\\OneDrive\\Рабочий стол\\Portfolio\\Foundation\\src\\store\\store.ts": {"path":"C:\\Users\\dgeki\\OneDrive\\Рабочий стол\\Portfolio\\Foundation\\src\\store\\store.ts","statementMap":{"0":{"start":{"line":5,"column":21},"end":{"line":7,"column":2}}},"fnMap":{},"branchMap":{},"s":{"0":2},"f":{},"b":{},"_coverageSchema":"1a1c01bbd47fc00a2c39e90264f33305004495a9","hash":"5fa572cbed4913c8d11b61a34c6aa7ad70e25619"}
}
