TN:
SF:src\App.tsx
FN:7,App
FNF:1
FNH:0
FNDA:0,App
DA:8,0
LF:1
LH:0
BRF:0
BRH:0
end_of_record
TN:
SF:src\hooks.ts
FNF:0
FNH:0
DA:4,3
DA:5,3
LF:2
LH:2
BRF:0
BRH:0
end_of_record
TN:
SF:src\main.tsx
FNF:0
FNH:0
DA:9,0
LF:1
LH:0
BRF:0
BRH:0
end_of_record
TN:
SF:src\vite-env.d.ts
FNF:0
FNH:0
LF:0
LH:0
BRF:0
BRH:0
end_of_record
TN:
SF:src\components\Button\Button.stories.ts
FNF:0
FNH:0
DA:4,0
DA:14,0
DA:28,0
LF:3
LH:0
BRF:0
BRH:0
end_of_record
TN:
SF:src\components\Button\Button.tsx
FN:7,(anonymous_0)
FNF:1
FNH:1
FNDA:48,(anonymous_0)
DA:7,3
DA:12,48
LF:2
LH:2
BRF:0
BRH:0
end_of_record
TN:
SF:src\components\Categories\Categories.tsx
FN:8,(anonymous_0)
FN:13,(anonymous_1)
FN:25,(anonymous_2)
FN:35,(anonymous_3)
FNF:4
FNH:4
FNDA:14,(anonymous_0)
FNDA:1,(anonymous_1)
FNDA:12,(anonymous_2)
FNDA:43,(anonymous_3)
DA:8,1
DA:9,14
DA:10,14
DA:11,14
DA:13,14
DA:14,1
DA:16,1
DA:17,1
DA:20,14
DA:25,12
DA:36,43
LF:11
LH:11
BRDA:14,0,0,0
BRDA:14,0,1,1
BRF:2
BRH:1
end_of_record
TN:
SF:src\components\Categories\CategoriesSlice.ts
FN:23,(anonymous_0)
FN:31,(anonymous_1)
FNF:2
FNH:2
FNDA:1,(anonymous_0)
FNDA:3,(anonymous_1)
DA:4,2
DA:19,2
DA:24,1
DA:31,3
DA:33,2
LF:5
LH:5
BRF:0
BRH:0
end_of_record
TN:
SF:src\components\ErrorBoundary\ErrorBoundary.tsx
FN:13,(anonymous_0)
FN:18,(anonymous_1)
FN:23,(anonymous_2)
FNF:3
FNH:3
FNDA:4,(anonymous_0)
FNDA:2,(anonymous_1)
FNDA:5,(anonymous_2)
DA:14,4
DA:15,3
DA:20,2
DA:24,5
DA:26,2
DA:29,3
LF:6
LH:6
BRDA:24,0,0,2
BRDA:24,0,1,3
BRF:2
BRH:2
end_of_record
TN:
SF:src\components\Input\Input.stories.tsx
FN:17,Render
FN:20,(anonymous_1)
FNF:2
FNH:0
FNDA:0,Render
FNDA:0,(anonymous_1)
DA:13,0
DA:18,0
DA:20,0
DA:21,0
DA:24,0
LF:5
LH:0
BRF:0
BRH:0
end_of_record
TN:
SF:src\components\Input\Input.tsx
FN:1,(anonymous_0)
FNF:1
FNH:1
FNDA:1,(anonymous_0)
DA:1,1
DA:2,1
LF:2
LH:2
BRF:0
BRH:0
end_of_record
TN:
SF:src\components\Layout\Layout.tsx
FN:3,(anonymous_0)
FNF:1
FNH:0
FNDA:0,(anonymous_0)
DA:3,0
DA:4,0
LF:2
LH:0
BRF:0
BRH:0
end_of_record
TN:
SF:src\components\Objective\Objective.stories.tsx
FN:29,(anonymous_0)
FN:42,(anonymous_1)
FN:47,(anonymous_2)
FN:60,(anonymous_3)
FNF:4
FNH:0
FNDA:0,(anonymous_0)
FNDA:0,(anonymous_1)
FNDA:0,(anonymous_2)
FNDA:0,(anonymous_3)
DA:5,0
DA:15,0
DA:33,0
DA:43,0
DA:45,0
DA:47,0
DA:48,0
DA:51,0
DA:52,0
LF:9
LH:0
BRF:0
BRH:0
end_of_record
TN:
SF:src\components\Objective\Objective.tsx
FN:18,(anonymous_0)
FN:27,(anonymous_1)
FN:35,(anonymous_2)
FN:37,(anonymous_3)
FN:43,(anonymous_4)
FN:44,(anonymous_5)
FN:48,(anonymous_6)
FN:60,(anonymous_7)
FN:87,(anonymous_8)
FN:99,(anonymous_9)
FN:103,(anonymous_10)
FN:111,(anonymous_11)
FNF:12
FNH:12
FNDA:40,(anonymous_0)
FNDA:22,(anonymous_1)
FNDA:6,(anonymous_2)
FNDA:11,(anonymous_3)
FNDA:1,(anonymous_4)
FNDA:6,(anonymous_5)
FNDA:2,(anonymous_6)
FNDA:2,(anonymous_7)
FNDA:1,(anonymous_8)
FNDA:13,(anonymous_9)
FNDA:240,(anonymous_10)
FNDA:1,(anonymous_11)
DA:18,2
DA:22,40
DA:23,40
DA:25,40
DA:27,40
DA:28,22
DA:31,40
DA:33,40
DA:35,40
DA:36,6
DA:37,11
DA:40,6
DA:43,40
DA:44,1
DA:45,6
DA:48,2
DA:50,1
DA:52,1
DA:60,40
DA:61,2
DA:62,1
DA:70,2
DA:73,40
DA:87,1
DA:99,13
DA:104,240
DA:111,1
LF:27
LH:27
BRDA:31,0,0,0
BRDA:31,0,1,40
BRDA:45,1,0,1
BRDA:45,1,1,5
BRDA:61,2,0,1
BRDA:61,2,1,1
BRDA:76,3,0,1
BRDA:76,3,1,39
BRDA:83,4,0,25
BRDA:83,4,1,15
BRDA:92,5,0,25
BRDA:92,5,1,15
BRDA:117,6,0,228
BRDA:117,6,1,12
BRDA:122,7,0,40
BRDA:122,7,1,1
BRF:16
BRH:15
end_of_record
TN:
SF:src\components\Objectives\Objectives.tsx
FN:14,(anonymous_0)
FN:23,(anonymous_1)
FN:26,(anonymous_2)
FN:31,(anonymous_3)
FN:60,(anonymous_4)
FN:71,(anonymous_5)
FN:73,(anonymous_6)
FNF:7
FNH:6
FNDA:38,(anonymous_0)
FNDA:36,(anonymous_1)
FNDA:216,(anonymous_2)
FNDA:2,(anonymous_3)
FNDA:30,(anonymous_4)
FNDA:18,(anonymous_5)
FNDA:0,(anonymous_6)
DA:14,1
DA:15,38
DA:17,37
DA:19,37
DA:20,4
DA:23,36
DA:25,33
DA:26,216
DA:29,33
DA:31,33
DA:32,2
DA:49,2
DA:51,2
DA:54,33
DA:60,30
DA:72,18
DA:73,0
LF:17
LH:16
BRDA:19,0,0,4
BRDA:19,0,1,33
BRDA:70,1,0,33
BRDA:70,1,1,17
BRF:4
BRH:4
end_of_record
TN:
SF:src\components\Objectives\ObjectivesSlice.ts
FN:119,(anonymous_0)
FN:122,(anonymous_1)
FN:123,(anonymous_2)
FN:127,(anonymous_3)
FN:129,(anonymous_4)
FN:134,(anonymous_5)
FN:142,(anonymous_6)
FN:144,(anonymous_7)
FN:154,(anonymous_8)
FN:156,(anonymous_9)
FN:157,(anonymous_10)
FNF:11
FNH:4
FNDA:2,(anonymous_0)
FNDA:0,(anonymous_1)
FNDA:0,(anonymous_2)
FNDA:0,(anonymous_3)
FNDA:0,(anonymous_4)
FNDA:0,(anonymous_5)
FNDA:0,(anonymous_6)
FNDA:0,(anonymous_7)
FNDA:36,(anonymous_8)
FNDA:22,(anonymous_9)
FNDA:156,(anonymous_10)
DA:16,3
DA:115,3
DA:120,2
DA:123,0
DA:124,0
DA:128,0
DA:129,0
DA:132,0
DA:134,0
DA:135,0
DA:140,0
DA:143,0
DA:144,0
DA:147,0
DA:149,0
DA:154,36
DA:156,3
DA:157,156
DA:164,3
LF:19
LH:7
BRDA:132,0,0,0
BRDA:132,0,1,0
BRDA:135,1,0,0
BRDA:135,1,1,0
BRDA:147,2,0,0
BRDA:147,2,1,0
BRF:6
BRH:0
end_of_record
TN:
SF:src\store\store.ts
FNF:0
FNH:0
DA:5,2
LF:1
LH:1
BRF:0
BRH:0
end_of_record
