TN:
SF:src\app\[category]\page.tsx
FN:11,Objectives
FN:28,buttonHandler
FN:59,onChange
FNF:3
FNH:3
FNDA:33,Objectives
FNDA:2,buttonHandler
FNDA:30,onChange
DA:1,1
DA:2,1
DA:3,1
DA:4,1
DA:5,1
DA:6,1
DA:7,1
DA:8,1
DA:9,1
DA:10,1
DA:11,1
DA:12,33
DA:13,33
DA:14,33
DA:15,33
DA:16,33
DA:17,33
DA:18,33
DA:19,33
DA:20,33
DA:21,33
DA:22,33
DA:23,33
DA:24,33
DA:25,33
DA:26,33
DA:27,33
DA:28,33
DA:29,2
DA:30,2
DA:31,2
DA:32,2
DA:33,2
DA:34,2
DA:35,2
DA:36,2
DA:37,2
DA:38,2
DA:39,2
DA:40,2
DA:41,2
DA:42,2
DA:43,2
DA:44,2
DA:45,2
DA:46,2
DA:47,2
DA:48,2
DA:49,2
DA:50,33
DA:51,33
DA:52,33
DA:53,33
DA:54,33
DA:55,33
DA:56,33
DA:57,33
DA:58,33
DA:59,33
DA:60,33
DA:61,33
DA:62,33
DA:63,33
DA:64,33
DA:65,33
DA:66,33
DA:67,33
DA:68,33
DA:69,33
DA:70,33
DA:71,17
DA:72,33
DA:73,33
DA:74,33
DA:75,33
DA:76,33
DA:77,33
LF:77
LH:77
BRDA:11,0,0,33
BRDA:24,1,0,0
BRDA:70,2,0,17
BRDA:18,3,0,315
BRDA:23,4,0,99
BRDA:28,5,0,2
BRDA:29,6,0,0
BRDA:59,7,0,30
BRDA:71,8,0,18
BRF:9
BRH:7
end_of_record
TN:
SF:src\components\Button\Button.tsx
FN:7,Button
FNF:1
FNH:1
FNDA:49,Button
DA:1,1
DA:2,1
DA:3,1
DA:4,1
DA:5,1
DA:6,1
DA:7,1
DA:8,49
DA:9,49
DA:10,49
DA:11,49
DA:12,49
DA:13,49
DA:14,49
DA:15,49
DA:16,49
DA:17,49
DA:18,49
DA:19,49
DA:20,49
DA:21,49
DA:22,49
DA:23,49
DA:24,49
DA:25,49
DA:26,49
DA:27,49
LF:27
LH:27
BRDA:7,0,0,49
BRF:1
BRH:1
end_of_record
TN:
SF:src\components\Categories\Categories.tsx
FN:10,Categories
FN:16,buttonHandler
FN:27,onClick
FN:47,onChange
FN:67,onClick
FNF:5
FNH:3
FNDA:14,Categories
FNDA:1,buttonHandler
FNDA:0,onClick
FNDA:12,onChange
FNDA:0,onClick
DA:1,1
DA:2,1
DA:3,1
DA:4,1
DA:5,1
DA:6,1
DA:7,1
DA:8,1
DA:9,1
DA:10,1
DA:11,14
DA:12,14
DA:13,14
DA:14,14
DA:15,14
DA:16,14
DA:17,1
DA:18,1
DA:19,1
DA:20,1
DA:21,1
DA:22,1
DA:23,14
DA:24,14
DA:25,14
DA:26,14
DA:27,14
DA:28,14
DA:29,14
DA:30,14
DA:31,14
DA:32,14
DA:33,14
DA:34,14
DA:35,14
DA:36,14
DA:37,14
DA:38,14
DA:39,14
DA:40,14
DA:41,14
DA:42,14
DA:43,14
DA:44,14
DA:45,14
DA:46,14
DA:47,14
DA:48,14
DA:49,14
DA:50,14
DA:51,14
DA:52,14
DA:53,14
DA:54,14
DA:55,14
DA:56,14
DA:57,14
DA:58,14
DA:59,14
DA:60,43
DA:61,43
DA:62,43
DA:63,43
DA:64,43
DA:65,14
DA:66,14
DA:67,14
DA:68,14
DA:69,14
DA:70,14
DA:71,14
DA:72,14
DA:73,14
DA:74,14
DA:75,14
DA:76,14
DA:77,14
DA:78,14
LF:78
LH:78
BRDA:10,0,0,14
BRDA:31,1,0,0
BRDA:16,2,0,1
BRDA:17,3,0,0
BRDA:47,4,0,12
BRDA:59,5,0,43
BRF:6
BRH:4
end_of_record
TN:
SF:src\components\Objective\Objective.tsx
FN:12,Objective
FN:20,checkboxHandler
FN:30,saveAndEditHandler
FN:57,onClick
FN:71,onChange
FN:91,onChange
FNF:6
FNH:6
FNDA:39,Objective
FNDA:1,checkboxHandler
FNDA:2,saveAndEditHandler
FNDA:1,onClick
FNDA:13,onChange
FNDA:1,onChange
DA:1,1
DA:2,1
DA:3,1
DA:4,1
DA:5,1
DA:6,1
DA:7,1
DA:8,1
DA:9,1
DA:10,1
DA:11,1
DA:12,1
DA:13,39
DA:14,39
DA:15,39
DA:16,39
DA:17,39
DA:18,39
DA:19,39
DA:20,39
DA:21,1
DA:22,1
DA:23,1
DA:24,1
DA:25,1
DA:26,1
DA:27,1
DA:28,1
DA:29,39
DA:30,39
DA:31,2
DA:32,1
DA:33,1
DA:34,2
DA:35,2
DA:36,2
DA:37,39
DA:38,39
DA:39,6
DA:40,6
DA:41,6
DA:42,6
DA:43,6
DA:44,39
DA:45,39
DA:46,39
DA:47,39
DA:48,39
DA:49,39
DA:50,39
DA:51,39
DA:52,39
DA:53,39
DA:54,39
DA:55,39
DA:56,39
DA:57,39
DA:58,39
DA:59,39
DA:60,39
DA:61,39
DA:62,39
DA:63,24
DA:64,24
DA:65,39
DA:66,39
DA:67,39
DA:68,39
DA:69,39
DA:70,39
DA:71,39
DA:72,39
DA:73,39
DA:74,39
DA:75,39
DA:76,39
DA:77,39
DA:78,39
DA:79,39
DA:80,39
DA:81,39
DA:82,39
DA:83,39
DA:84,39
DA:85,39
DA:86,39
DA:87,39
DA:88,39
DA:89,39
DA:90,39
DA:91,39
DA:92,39
DA:93,39
DA:94,39
DA:95,39
DA:96,39
DA:97,39
DA:98,39
DA:99,39
DA:100,39
DA:101,39
DA:102,39
DA:103,39
DA:104,39
DA:105,39
DA:106,39
DA:107,39
DA:108,39
DA:109,39
DA:110,39
DA:111,39
DA:112,39
DA:113,39
DA:114,39
DA:115,39
DA:116,39
DA:117,39
LF:117
LH:117
BRDA:12,0,0,39
BRDA:53,1,0,24
BRDA:53,2,0,15
BRDA:62,3,0,24
BRDA:63,4,0,1
BRDA:77,5,0,1
BRDA:20,6,0,1
BRDA:24,7,0,1
BRDA:30,8,0,2
BRDA:31,9,0,1
BRDA:38,10,0,6
BRDA:40,11,0,11
BRDA:57,12,0,1
BRDA:71,13,0,13
BRDA:80,14,0,234
BRDA:88,15,0,6
BRDA:97,16,0,6
BRDA:101,17,0,222
BRDA:101,18,0,12
BRDA:91,19,0,1
BRF:20
BRH:20
end_of_record
TN:
SF:src\stores\categories-store.ts
FN:19,addCategory
FNF:1
FNH:1
FNDA:1,addCategory
DA:1,1
DA:2,1
DA:3,1
DA:4,1
DA:5,1
DA:6,1
DA:7,1
DA:8,1
DA:9,1
DA:10,1
DA:11,1
DA:12,1
DA:13,1
DA:14,1
DA:15,1
DA:16,1
DA:17,1
DA:18,1
DA:19,1
DA:20,1
DA:21,1
DA:22,1
DA:23,1
LF:23
LH:23
BRDA:13,0,0,1
BRDA:19,1,0,1
BRDA:20,2,0,1
BRF:3
BRH:3
end_of_record
TN:
SF:src\stores\objectives-store.ts
FN:168,addNewObjective
FN:170,removeObjective
FN:174,editTextObjective
FN:186,editDayObjective
FNF:4
FNH:1
FNDA:2,addNewObjective
FNDA:0,removeObjective
FNDA:0,editTextObjective
FNDA:0,editDayObjective
DA:1,1
DA:2,1
DA:3,1
DA:4,1
DA:5,1
DA:6,1
DA:7,1
DA:8,1
DA:9,1
DA:10,1
DA:11,1
DA:12,1
DA:13,1
DA:14,1
DA:15,1
DA:16,1
DA:17,1
DA:18,1
DA:19,1
DA:20,1
DA:21,1
DA:22,1
DA:23,1
DA:24,1
DA:25,1
DA:26,1
DA:27,1
DA:28,1
DA:29,1
DA:30,1
DA:31,1
DA:32,1
DA:33,1
DA:34,1
DA:35,1
DA:36,1
DA:37,1
DA:38,1
DA:39,1
DA:40,1
DA:41,1
DA:42,1
DA:43,1
DA:44,1
DA:45,1
DA:46,1
DA:47,1
DA:48,1
DA:49,1
DA:50,1
DA:51,1
DA:52,1
DA:53,1
DA:54,1
DA:55,1
DA:56,1
DA:57,1
DA:58,1
DA:59,1
DA:60,1
DA:61,1
DA:62,1
DA:63,1
DA:64,1
DA:65,1
DA:66,1
DA:67,1
DA:68,1
DA:69,1
DA:70,1
DA:71,1
DA:72,1
DA:73,1
DA:74,1
DA:75,1
DA:76,1
DA:77,1
DA:78,1
DA:79,1
DA:80,1
DA:81,1
DA:82,1
DA:83,1
DA:84,1
DA:85,1
DA:86,1
DA:87,1
DA:88,1
DA:89,1
DA:90,1
DA:91,1
DA:92,1
DA:93,1
DA:94,1
DA:95,1
DA:96,1
DA:97,1
DA:98,1
DA:99,1
DA:100,1
DA:101,1
DA:102,1
DA:103,1
DA:104,1
DA:105,1
DA:106,1
DA:107,1
DA:108,1
DA:109,1
DA:110,1
DA:111,1
DA:112,1
DA:113,1
DA:114,1
DA:115,1
DA:116,1
DA:117,1
DA:118,1
DA:119,1
DA:120,1
DA:121,1
DA:122,1
DA:123,1
DA:124,1
DA:125,1
DA:126,1
DA:127,1
DA:128,1
DA:129,1
DA:130,1
DA:131,1
DA:132,1
DA:133,1
DA:134,1
DA:135,1
DA:136,1
DA:137,1
DA:138,1
DA:139,1
DA:140,1
DA:141,1
DA:142,1
DA:143,1
DA:144,1
DA:145,1
DA:146,1
DA:147,1
DA:148,1
DA:149,1
DA:150,1
DA:151,1
DA:152,1
DA:153,1
DA:154,1
DA:155,1
DA:156,1
DA:157,1
DA:158,1
DA:159,1
DA:160,1
DA:161,1
DA:162,1
DA:163,1
DA:164,1
DA:165,1
DA:166,1
DA:167,1
DA:168,1
DA:169,2
DA:170,1
DA:171,0
DA:172,0
DA:173,0
DA:174,1
DA:175,0
DA:176,0
DA:177,0
DA:178,0
DA:179,0
DA:180,0
DA:181,0
DA:182,0
DA:183,0
DA:184,0
DA:185,0
DA:186,1
DA:187,0
DA:188,0
DA:189,0
DA:190,0
DA:191,0
DA:192,0
DA:193,0
DA:194,0
DA:195,0
DA:196,0
DA:197,0
DA:198,0
DA:199,0
DA:200,0
DA:201,0
DA:202,0
DA:203,0
DA:204,1
LF:204
LH:173
BRDA:21,0,0,1
BRDA:168,1,0,2
BRDA:169,2,0,2
BRF:3
BRH:3
end_of_record
